  [1m[35m (0.1ms)[0m  [1m[34mSELECT sqlite_version(*)[0m
  ↳ bin/rails:9
  [1m[35m (122.8ms)[0m  [1m[35mCREATE TABLE "schema_migrations" ("version" varchar NOT NULL PRIMARY KEY)[0m
  ↳ bin/rails:9
  [1m[35m (110.8ms)[0m  [1m[35mCREATE TABLE "ar_internal_metadata" ("key" varchar NOT NULL PRIMARY KEY, "value" varchar, "created_at" datetime NOT NULL, "updated_at" datetime NOT NULL)[0m
  ↳ bin/rails:9
  [1m[35m (0.1ms)[0m  [1m[34mSELECT "schema_migrations"."version" FROM "schema_migrations" ORDER BY "schema_migrations"."version" ASC[0m
  ↳ bin/rails:9
Migrating to CreateUsers (20180731132739)
  [1m[35m (0.1ms)[0m  [1m[36mbegin transaction[0m
  ↳ bin/rails:9
  [1m[35m (0.3ms)[0m  [1m[35mCREATE TABLE "users" ("id" integer PRIMARY KEY AUTOINCREMENT NOT NULL, "username" varchar, "bio" text, "created_at" datetime NOT NULL, "updated_at" datetime NOT NULL)[0m
  ↳ db/migrate/20180731132739_create_users.rb:3
  [1m[36mActiveRecord::SchemaMigration Create (0.3ms)[0m  [1m[32mINSERT INTO "schema_migrations" ("version") VALUES (?)[0m  [["version", "20180731132739"]]
  ↳ bin/rails:9
  [1m[35m (129.6ms)[0m  [1m[36mcommit transaction[0m
  ↳ bin/rails:9
  [1m[36mActiveRecord::InternalMetadata Load (0.2ms)[0m  [1m[34mSELECT  "ar_internal_metadata".* FROM "ar_internal_metadata" WHERE "ar_internal_metadata"."key" = ? LIMIT ?[0m  [["key", "environment"], ["LIMIT", 1]]
  ↳ bin/rails:9
  [1m[35m (0.1ms)[0m  [1m[36mbegin transaction[0m
  ↳ bin/rails:9
  [1m[36mActiveRecord::InternalMetadata Create (0.3ms)[0m  [1m[32mINSERT INTO "ar_internal_metadata" ("key", "value", "created_at", "updated_at") VALUES (?, ?, ?, ?)[0m  [["key", "environment"], ["value", "development"], ["created_at", "2018-07-31 13:28:49.774046"], ["updated_at", "2018-07-31 13:28:49.774046"]]
  ↳ bin/rails:9
  [1m[35m (88.3ms)[0m  [1m[36mcommit transaction[0m
  ↳ bin/rails:9
  [1m[35m (0.1ms)[0m  [1m[34mSELECT "schema_migrations"."version" FROM "schema_migrations" ORDER BY "schema_migrations"."version" ASC[0m
  ↳ bin/rails:9
Started GET "/" for 127.0.0.1 at 2018-07-31 15:35:18 +0200
  [1m[35m (0.1ms)[0m  [1m[34mSELECT "schema_migrations"."version" FROM "schema_migrations" ORDER BY "schema_migrations"."version" ASC[0m
  ↳ /home/florian/.rvm/gems/ruby-2.5.1/gems/activerecord-5.2.0/lib/active_record/log_subscriber.rb:98
Processing by Rails::WelcomeController#index as HTML
  Rendering /home/florian/.rvm/gems/ruby-2.5.1/gems/railties-5.2.0/lib/rails/templates/rails/welcome/index.html.erb
  Rendered /home/florian/.rvm/gems/ruby-2.5.1/gems/railties-5.2.0/lib/rails/templates/rails/welcome/index.html.erb (2.4ms)
Completed 200 OK in 16ms (Views: 5.9ms | ActiveRecord: 0.0ms)


Started GET "/" for 127.0.0.1 at 2018-07-31 15:36:15 +0200
Processing by StaticPagesController#home as HTML
  Rendering static_pages/home.html.erb within layouts/application
  Rendered static_pages/home.html.erb within layouts/application (0.2ms)
Completed 200 OK in 1159ms (Views: 1158.5ms | ActiveRecord: 0.0ms)


  [1m[36mUser Load (0.2ms)[0m  [1m[34mSELECT  "users".* FROM "users" WHERE "users"."id" = ? LIMIT ?[0m  [["id", 2], ["LIMIT", 1]]
  ↳ config/routes.rb:7
  [1m[36mUser Load (0.1ms)[0m  [1m[34mSELECT  "users".* FROM "users" WHERE "users"."id" = ? LIMIT ?[0m  [["id", 2], ["LIMIT", 1]]
  ↳ config/routes.rb:7
  [1m[36mUser Load (0.1ms)[0m  [1m[34mSELECT  "users".* FROM "users" WHERE "users"."id" = ? LIMIT ?[0m  [["id", 2], ["LIMIT", 1]]
  ↳ config/routes.rb:7
Started GET "/" for 127.0.0.1 at 2018-07-31 15:53:14 +0200
  [1m[35m (0.2ms)[0m  [1m[34mSELECT "schema_migrations"."version" FROM "schema_migrations" ORDER BY "schema_migrations"."version" ASC[0m
  ↳ /home/florian/.rvm/gems/ruby-2.5.1/gems/activerecord-5.2.0/lib/active_record/log_subscriber.rb:98
Processing by StaticPagesController#home as HTML
  Rendering static_pages/home.html.erb within layouts/application
  [1m[36mUser Load (0.1ms)[0m  [1m[34mSELECT "users".* FROM "users"[0m
  ↳ app/views/static_pages/home.html.erb:7
  Rendered static_pages/home.html.erb within layouts/application (4.0ms)
Completed 200 OK in 190ms (Views: 182.4ms | ActiveRecord: 0.4ms)


Started GET "/new_user" for 127.0.0.1 at 2018-07-31 15:53:16 +0200
Processing by UsersController#new as HTML
  Rendering users/new.html.erb within layouts/application
  Rendered users/new.html.erb within layouts/application (0.4ms)
Completed 200 OK in 17ms (Views: 16.3ms | ActiveRecord: 0.0ms)


Started POST "/new_user" for 127.0.0.1 at 2018-07-31 15:53:22 +0200
Processing by UsersController#create as HTML
  Parameters: {"username"=>"Flo", "bio"=>"hey", "Envoyer"=>"Valider", "authenticity_token"=>"r2rk5Q/+qcTpisLMUbnJnHhM6YIiUutlR+jGsM1pvfmpNq897P6gUVOu/Oov8M8LOpXGGAjuU6Bb0I7e2XIFJA=="}
  [1m[35m (0.1ms)[0m  [1m[36mbegin transaction[0m
  ↳ app/controllers/users_controller.rb:6
  [1m[36mUser Exists (0.2ms)[0m  [1m[34mSELECT  1 AS one FROM "users" WHERE "users"."username" = ? LIMIT ?[0m  [["username", "Flo"], ["LIMIT", 1]]
  ↳ app/controllers/users_controller.rb:6
  [1m[36mUser Create (0.3ms)[0m  [1m[32mINSERT INTO "users" ("username", "bio", "created_at", "updated_at") VALUES (?, ?, ?, ?)[0m  [["username", "Flo"], ["bio", "hey"], ["created_at", "2018-07-31 13:53:22.463352"], ["updated_at", "2018-07-31 13:53:22.463352"]]
  ↳ app/controllers/users_controller.rb:6
  [1m[35m (66.0ms)[0m  [1m[36mcommit transaction[0m
  ↳ app/controllers/users_controller.rb:6
  [1m[36mUser Exists (0.3ms)[0m  [1m[34mSELECT  1 AS one FROM "users" WHERE "users"."username" = ? AND "users"."id" != ? LIMIT ?[0m  [["username", "Flo"], ["id", 1], ["LIMIT", 1]]
  ↳ app/controllers/users_controller.rb:7
Redirected to http://localhost:3000/users/Flo
Completed 302 Found in 88ms (ActiveRecord: 68.7ms)


Started GET "/users/Flo" for 127.0.0.1 at 2018-07-31 15:53:22 +0200
Processing by UsersController#show as HTML
  Parameters: {"id"=>"Flo"}
  Rendering users/show.html.erb within layouts/application
  [1m[36mUser Load (0.3ms)[0m  [1m[34mSELECT  "users".* FROM "users" WHERE "users"."username" = ? LIMIT ?[0m  [["username", "Flo"], ["LIMIT", 1]]
  ↳ app/views/users/show.html.erb:1
  [1m[36mCACHE User Load (0.0ms)[0m  [1m[34mSELECT  "users".* FROM "users" WHERE "users"."username" = ? LIMIT ?[0m  [["username", "Flo"], ["LIMIT", 1]]
  ↳ app/views/users/show.html.erb:4
  Rendered users/show.html.erb within layouts/application (4.9ms)
Completed 200 OK in 35ms (Views: 32.7ms | ActiveRecord: 0.3ms)


Started GET "/" for 127.0.0.1 at 2018-07-31 15:53:24 +0200
Processing by StaticPagesController#home as HTML
  Rendering static_pages/home.html.erb within layouts/application
  [1m[36mUser Load (0.1ms)[0m  [1m[34mSELECT "users".* FROM "users"[0m
  ↳ app/views/static_pages/home.html.erb:7
  Rendered static_pages/home.html.erb within layouts/application (1.4ms)
Completed 200 OK in 29ms (Views: 27.4ms | ActiveRecord: 0.1ms)


Started GET "/users/Flo" for 127.0.0.1 at 2018-07-31 15:53:25 +0200
Processing by UsersController#show as HTML
  Parameters: {"id"=>"Flo"}
  Rendering users/show.html.erb within layouts/application
  [1m[36mUser Load (0.2ms)[0m  [1m[34mSELECT  "users".* FROM "users" WHERE "users"."username" = ? LIMIT ?[0m  [["username", "Flo"], ["LIMIT", 1]]
  ↳ app/views/users/show.html.erb:1
  [1m[36mCACHE User Load (0.0ms)[0m  [1m[34mSELECT  "users".* FROM "users" WHERE "users"."username" = ? LIMIT ?[0m  [["username", "Flo"], ["LIMIT", 1]]
  ↳ app/views/users/show.html.erb:4
  Rendered users/show.html.erb within layouts/application (3.3ms)
Completed 200 OK in 47ms (Views: 44.0ms | ActiveRecord: 0.2ms)


Started GET "/" for 127.0.0.1 at 2018-07-31 15:53:27 +0200
Processing by StaticPagesController#home as HTML
  Rendering static_pages/home.html.erb within layouts/application
  [1m[36mUser Load (0.2ms)[0m  [1m[34mSELECT "users".* FROM "users"[0m
  ↳ app/views/static_pages/home.html.erb:7
  Rendered static_pages/home.html.erb within layouts/application (1.8ms)
Completed 200 OK in 30ms (Views: 28.8ms | ActiveRecord: 0.2ms)


Started GET "/" for 127.0.0.1 at 2018-07-31 17:00:54 +0200
  [1m[35m (0.1ms)[0m  [1m[34mSELECT "schema_migrations"."version" FROM "schema_migrations" ORDER BY "schema_migrations"."version" ASC[0m
  ↳ /home/florian/.rvm/gems/ruby-2.5.1/gems/activerecord-5.2.0/lib/active_record/log_subscriber.rb:98
Processing by StaticPagesController#home as HTML
  Rendering static_pages/home.html.erb within layouts/application
  [1m[36mUser Load (0.2ms)[0m  [1m[34mSELECT "users".* FROM "users"[0m
  ↳ app/views/static_pages/home.html.erb:7
  Rendered static_pages/home.html.erb within layouts/application (7.2ms)
Completed 200 OK in 139ms (Views: 131.6ms | ActiveRecord: 0.6ms)


Started GET "/new_user" for 127.0.0.1 at 2018-07-31 17:00:58 +0200
Processing by UsersController#new as HTML
  Rendering users/new.html.erb within layouts/application
  Rendered users/new.html.erb within layouts/application (0.5ms)
Completed 200 OK in 16ms (Views: 14.7ms | ActiveRecord: 0.0ms)


Started POST "/new_user" for 127.0.0.1 at 2018-07-31 17:01:01 +0200
Processing by UsersController#create as HTML
  Parameters: {"username"=>"ckjdblkd", "bio"=>"lkflkdbenl", "Envoyer"=>"Valider", "authenticity_token"=>"N6ujWvinWUcSjwp4GcC6k2fwmR99F27lfbAjNL444wsx9+iCG6dQ0qirNF5nibwEJSm2hVer1iBhiGtaqiNb1g=="}
  [1m[35m (0.1ms)[0m  [1m[36mbegin transaction[0m
  ↳ app/controllers/users_controller.rb:6
  [1m[36mUser Exists (0.3ms)[0m  [1m[34mSELECT  1 AS one FROM "users" WHERE "users"."username" = ? LIMIT ?[0m  [["username", "ckjdblkd"], ["LIMIT", 1]]
  ↳ app/controllers/users_controller.rb:6
  [1m[36mUser Create (0.5ms)[0m  [1m[32mINSERT INTO "users" ("username", "bio", "created_at", "updated_at") VALUES (?, ?, ?, ?)[0m  [["username", "ckjdblkd"], ["bio", "lkflkdbenl"], ["created_at", "2018-07-31 15:01:01.596976"], ["updated_at", "2018-07-31 15:01:01.596976"]]
  ↳ app/controllers/users_controller.rb:6
  [1m[35m (126.8ms)[0m  [1m[36mcommit transaction[0m
  ↳ app/controllers/users_controller.rb:6
  [1m[36mUser Exists (0.3ms)[0m  [1m[34mSELECT  1 AS one FROM "users" WHERE "users"."username" = ? AND "users"."id" != ? LIMIT ?[0m  [["username", "ckjdblkd"], ["id", 2], ["LIMIT", 1]]
  ↳ app/controllers/users_controller.rb:7
Redirected to http://localhost:3000/users/ckjdblkd
Completed 302 Found in 138ms (ActiveRecord: 128.0ms)


Started GET "/users/ckjdblkd" for 127.0.0.1 at 2018-07-31 17:01:01 +0200
Processing by UsersController#show as HTML
  Parameters: {"id"=>"ckjdblkd"}
  Rendering users/show.html.erb within layouts/application
  [1m[36mUser Load (0.3ms)[0m  [1m[34mSELECT  "users".* FROM "users" WHERE "users"."username" = ? LIMIT ?[0m  [["username", "ckjdblkd"], ["LIMIT", 1]]
  ↳ app/views/users/show.html.erb:1
  [1m[36mCACHE User Load (0.0ms)[0m  [1m[34mSELECT  "users".* FROM "users" WHERE "users"."username" = ? LIMIT ?[0m  [["username", "ckjdblkd"], ["LIMIT", 1]]
  ↳ app/views/users/show.html.erb:4
  Rendered users/show.html.erb within layouts/application (3.5ms)
Completed 200 OK in 27ms (Views: 24.8ms | ActiveRecord: 0.3ms)


Started GET "/users/ckjdblkd" for 127.0.0.1 at 2018-07-31 17:02:18 +0200
Processing by UsersController#show as HTML
  Parameters: {"name"=>"ckjdblkd"}
  Rendering users/show.html.erb within layouts/application
  [1m[36mUser Load (0.1ms)[0m  [1m[34mSELECT  "users".* FROM "users" WHERE "users"."username" = ? LIMIT ?[0m  [["username", "ckjdblkd"], ["LIMIT", 1]]
  ↳ app/views/users/show.html.erb:1
  [1m[36mCACHE User Load (0.0ms)[0m  [1m[34mSELECT  "users".* FROM "users" WHERE "users"."username" = ? LIMIT ?[0m  [["username", "ckjdblkd"], ["LIMIT", 1]]
  ↳ app/views/users/show.html.erb:4
  Rendered users/show.html.erb within layouts/application (12.3ms)
Completed 500 Internal Server Error in 15ms (ActiveRecord: 0.7ms)


  
ActionView::Template::Error (undefined method `bi0o' for #<User:0x00007f191625ab80>
Did you mean?  bio):
    1: <p>Bienvenue sur ta page <%= User.find_by(username: params['name']).username%> !</p>
    2: </br>
    3: </br>
    4: <p>Voici ta super bio :  <%= User.find_by(username: params['name']).bi0o %></p>
    5: <a href="/">Retour à l'accueil</a>
  
app/views/users/show.html.erb:4:in `_app_views_users_show_html_erb__4549617441783153376_47080380448060'
Started GET "/new_user" for 127.0.0.1 at 2018-07-31 17:02:20 +0200
Processing by UsersController#new as HTML
  Rendering users/new.html.erb within layouts/application
  Rendered users/new.html.erb within layouts/application (0.7ms)
Completed 200 OK in 36ms (Views: 33.6ms | ActiveRecord: 0.0ms)


Started GET "/" for 127.0.0.1 at 2018-07-31 17:02:21 +0200
Processing by StaticPagesController#home as HTML
  Rendering static_pages/home.html.erb within layouts/application
  [1m[36mUser Load (0.2ms)[0m  [1m[34mSELECT "users".* FROM "users"[0m
  ↳ app/views/static_pages/home.html.erb:7
  Rendered static_pages/home.html.erb within layouts/application (1.9ms)
Completed 200 OK in 27ms (Views: 26.0ms | ActiveRecord: 0.2ms)


Started GET "/" for 127.0.0.1 at 2018-07-31 17:02:26 +0200
Processing by StaticPagesController#home as HTML
  Rendering static_pages/home.html.erb within layouts/application
  [1m[36mUser Load (0.3ms)[0m  [1m[34mSELECT "users".* FROM "users"[0m
  ↳ app/views/static_pages/home.html.erb:7
  Rendered static_pages/home.html.erb within layouts/application (2.7ms)
Completed 200 OK in 33ms (Views: 31.4ms | ActiveRecord: 0.3ms)


Started GET "/" for 127.0.0.1 at 2018-07-31 17:02:27 +0200
Processing by StaticPagesController#home as HTML
  Rendering static_pages/home.html.erb within layouts/application
  [1m[36mUser Load (0.4ms)[0m  [1m[34mSELECT "users".* FROM "users"[0m
  ↳ app/views/static_pages/home.html.erb:7
  Rendered static_pages/home.html.erb within layouts/application (1.4ms)
Completed 200 OK in 27ms (Views: 24.9ms | ActiveRecord: 0.4ms)


Started GET "/" for 127.0.0.1 at 2018-07-31 17:02:50 +0200
Processing by StaticPagesController#home as HTML
  Rendering static_pages/home.html.erb within layouts/application
  [1m[36mUser Load (0.5ms)[0m  [1m[34mSELECT "users".* FROM "users"[0m
  ↳ app/views/static_pages/home.html.erb:7
  Rendered static_pages/home.html.erb within layouts/application (2.6ms)
Completed 200 OK in 26ms (Views: 24.4ms | ActiveRecord: 0.5ms)


Started GET "/users/ckjdblkd" for 127.0.0.1 at 2018-07-31 17:02:52 +0200
Processing by UsersController#show as HTML
  Parameters: {"name"=>"ckjdblkd"}
  Rendering users/show.html.erb within layouts/application
  [1m[36mUser Load (0.2ms)[0m  [1m[34mSELECT  "users".* FROM "users" WHERE "users"."username" = ? LIMIT ?[0m  [["username", "ckjdblkd"], ["LIMIT", 1]]
  ↳ app/views/users/show.html.erb:1
  [1m[36mCACHE User Load (0.0ms)[0m  [1m[34mSELECT  "users".* FROM "users" WHERE "users"."username" = ? LIMIT ?[0m  [["username", "ckjdblkd"], ["LIMIT", 1]]
  ↳ app/views/users/show.html.erb:4
  Rendered users/show.html.erb within layouts/application (11.9ms)
Completed 500 Internal Server Error in 16ms (ActiveRecord: 0.2ms)


  
ActionView::Template::Error (undefined method `bi0o' for #<User:0x00007f191016e498>
Did you mean?  bio):
    1: <p>Bienvenue sur ta page <%= User.find_by(username: params['name']).username%> !</p>
    2: </br>
    3: </br>
    4: <p>Voici ta super bio :  <%= User.find_by(username: params['name']).bi0o %></p>
    5: <a href="/">Retour à l'accueil</a>
  
app/views/users/show.html.erb:4:in `_app_views_users_show_html_erb__4549617441783153376_69872810487620'
Started GET "/" for 127.0.0.1 at 2018-07-31 17:03:12 +0200
Processing by StaticPagesController#home as HTML
  Rendering static_pages/home.html.erb within layouts/application
  [1m[36mUser Load (0.1ms)[0m  [1m[34mSELECT "users".* FROM "users"[0m
  ↳ app/views/static_pages/home.html.erb:7
  Rendered static_pages/home.html.erb within layouts/application (1.2ms)
Completed 200 OK in 21ms (Views: 19.8ms | ActiveRecord: 0.1ms)


Started GET "/" for 127.0.0.1 at 2018-07-31 17:03:14 +0200
Processing by StaticPagesController#home as HTML
  Rendering static_pages/home.html.erb within layouts/application
  [1m[36mUser Load (0.3ms)[0m  [1m[34mSELECT "users".* FROM "users"[0m
  ↳ app/views/static_pages/home.html.erb:7
  Rendered static_pages/home.html.erb within layouts/application (2.1ms)
Completed 200 OK in 28ms (Views: 26.0ms | ActiveRecord: 0.3ms)


Started GET "/users/ckjdblkd" for 127.0.0.1 at 2018-07-31 17:03:15 +0200
Processing by UsersController#show as HTML
  Parameters: {"name"=>"ckjdblkd"}
  Rendering users/show.html.erb within layouts/application
  [1m[36mUser Load (0.2ms)[0m  [1m[34mSELECT  "users".* FROM "users" WHERE "users"."username" = ? LIMIT ?[0m  [["username", "ckjdblkd"], ["LIMIT", 1]]
  ↳ app/views/users/show.html.erb:1
  [1m[36mCACHE User Load (0.0ms)[0m  [1m[34mSELECT  "users".* FROM "users" WHERE "users"."username" = ? LIMIT ?[0m  [["username", "ckjdblkd"], ["LIMIT", 1]]
  ↳ app/views/users/show.html.erb:4
  Rendered users/show.html.erb within layouts/application (2.5ms)
Completed 200 OK in 33ms (Views: 31.3ms | ActiveRecord: 0.2ms)


Started GET "/new_user" for 127.0.0.1 at 2018-07-31 17:03:17 +0200
Processing by UsersController#new as HTML
  Rendering users/new.html.erb within layouts/application
  Rendered users/new.html.erb within layouts/application (0.7ms)
Completed 200 OK in 30ms (Views: 29.0ms | ActiveRecord: 0.0ms)


Started POST "/new_user" for 127.0.0.1 at 2018-07-31 17:03:20 +0200
Processing by UsersController#create as HTML
  Parameters: {"username"=>"cgfnzsgdhkumoù", "bio"=>"", "Envoyer"=>"Valider", "authenticity_token"=>"TXY8A6ajwz5nDtDKn6k8/iQ0AF8W+vbkkeZtuXaR+gNLKnfbRaPKq90q7uzh4DppZu0vxTxGTiGN3iXXYopC3g=="}
  [1m[35m (0.1ms)[0m  [1m[36mbegin transaction[0m
  ↳ app/controllers/users_controller.rb:6
  [1m[36mUser Exists (0.3ms)[0m  [1m[34mSELECT  1 AS one FROM "users" WHERE "users"."username" = ? LIMIT ?[0m  [["username", "cgfnzsgdhkumoù"], ["LIMIT", 1]]
  ↳ app/controllers/users_controller.rb:6
  [1m[36mUser Create (2.6ms)[0m  [1m[32mINSERT INTO "users" ("username", "bio", "created_at", "updated_at") VALUES (?, ?, ?, ?)[0m  [["username", "cgfnzsgdhkumoù"], ["bio", ""], ["created_at", "2018-07-31 15:03:20.946679"], ["updated_at", "2018-07-31 15:03:20.946679"]]
  ↳ app/controllers/users_controller.rb:6
  [1m[35m (187.2ms)[0m  [1m[36mcommit transaction[0m
  ↳ app/controllers/users_controller.rb:6
  [1m[36mUser Exists (0.3ms)[0m  [1m[34mSELECT  1 AS one FROM "users" WHERE "users"."username" = ? AND "users"."id" != ? LIMIT ?[0m  [["username", "cgfnzsgdhkumoù"], ["id", 3], ["LIMIT", 1]]
  ↳ app/controllers/users_controller.rb:7
Redirected to http://localhost:3000/users/cgfnzsgdhkumoù
Completed 302 Found in 199ms (ActiveRecord: 190.3ms)


Started GET "/users/cgfnzsgdhkumo%C3%B9" for 127.0.0.1 at 2018-07-31 17:03:21 +0200
Processing by UsersController#show as HTML
  Parameters: {"name"=>"cgfnzsgdhkumoù"}
  Rendering users/show.html.erb within layouts/application
  [1m[36mUser Load (0.3ms)[0m  [1m[34mSELECT  "users".* FROM "users" WHERE "users"."username" = ? LIMIT ?[0m  [["username", "cgfnzsgdhkumoù"], ["LIMIT", 1]]
  ↳ app/views/users/show.html.erb:1
  [1m[36mCACHE User Load (0.0ms)[0m  [1m[34mSELECT  "users".* FROM "users" WHERE "users"."username" = ? LIMIT ?[0m  [["username", "cgfnzsgdhkumoù"], ["LIMIT", 1]]
  ↳ app/views/users/show.html.erb:4
  Rendered users/show.html.erb within layouts/application (2.5ms)
Completed 200 OK in 25ms (Views: 23.5ms | ActiveRecord: 0.3ms)


Started GET "/" for 127.0.0.1 at 2018-07-31 17:03:27 +0200
Processing by StaticPagesController#home as HTML
  Rendering static_pages/home.html.erb within layouts/application
  [1m[36mUser Load (0.3ms)[0m  [1m[34mSELECT "users".* FROM "users"[0m
  ↳ app/views/static_pages/home.html.erb:7
  Rendered static_pages/home.html.erb within layouts/application (2.3ms)
Completed 200 OK in 28ms (Views: 26.4ms | ActiveRecord: 0.3ms)


Started GET "/users/cgfnzsgdhkumo%C3%B9" for 127.0.0.1 at 2018-07-31 17:06:01 +0200
Processing by UsersController#show as HTML
  Parameters: {"name"=>"cgfnzsgdhkumoù"}
  Rendering users/show.html.erb within layouts/application
  [1m[36mUser Load (0.2ms)[0m  [1m[34mSELECT  "users".* FROM "users" WHERE "users"."username" = ? LIMIT ?[0m  [["username", "cgfnzsgdhkumoù"], ["LIMIT", 1]]
  ↳ app/views/users/show.html.erb:1
  [1m[36mCACHE User Load (0.0ms)[0m  [1m[34mSELECT  "users".* FROM "users" WHERE "users"."username" = ? LIMIT ?[0m  [["username", "cgfnzsgdhkumoù"], ["LIMIT", 1]]
  ↳ app/views/users/show.html.erb:4
  Rendered users/show.html.erb within layouts/application (2.7ms)
Completed 200 OK in 32ms (Views: 30.6ms | ActiveRecord: 0.2ms)


Started GET "/new_user" for 127.0.0.1 at 2018-07-31 17:06:25 +0200
Processing by UsersController#new as HTML
  Rendering users/new.html.erb within layouts/application
  Rendered users/new.html.erb within layouts/application (0.7ms)
Completed 200 OK in 30ms (Views: 28.5ms | ActiveRecord: 0.0ms)


Started GET "/new_user" for 127.0.0.1 at 2018-07-31 17:06:34 +0200
Processing by UsersController#new as HTML
  Rendering users/new.html.erb within layouts/application
  Rendered users/new.html.erb within layouts/application (0.4ms)
Completed 200 OK in 16ms (Views: 15.3ms | ActiveRecord: 0.0ms)


Started POST "/new_user" for 127.0.0.1 at 2018-07-31 17:06:40 +0200
Processing by UsersController#create as HTML
  Parameters: {"username"=>"Flo", "bio"=>"", "Envoyer"=>"Valider", "authenticity_token"=>"Bi/fJ2F5z9NcfVJTVXGMrT9YnnV+g5Iqx9m4XzqhTBUAc5T/gnnGRuZZbHUrOIo6fYGx71Q/Ku/b4fAxLrr0yA=="}
  [1m[35m (0.1ms)[0m  [1m[36mbegin transaction[0m
  ↳ app/controllers/users_controller.rb:6
  [1m[36mUser Exists (0.3ms)[0m  [1m[34mSELECT  1 AS one FROM "users" WHERE "users"."username" = ? LIMIT ?[0m  [["username", "Flo"], ["LIMIT", 1]]
  ↳ app/controllers/users_controller.rb:6
  [1m[35m (0.1ms)[0m  [1m[31mrollback transaction[0m
  ↳ app/controllers/users_controller.rb:6
  [1m[36mUser Exists (0.2ms)[0m  [1m[34mSELECT  1 AS one FROM "users" WHERE "users"."username" = ? LIMIT ?[0m  [["username", "Flo"], ["LIMIT", 1]]
  ↳ app/controllers/users_controller.rb:7
Redirected to http://localhost:3000/error
Completed 302 Found in 76ms (ActiveRecord: 0.8ms)


Started GET "/error" for 127.0.0.1 at 2018-07-31 17:06:40 +0200
Processing by StaticPagesController#error as HTML
  Rendering static_pages/error.html.erb within layouts/application
  Rendered static_pages/error.html.erb within layouts/application (0.5ms)
Completed 200 OK in 26ms (Views: 24.4ms | ActiveRecord: 0.0ms)


Started GET "/new_user" for 127.0.0.1 at 2018-07-31 17:06:43 +0200
Processing by UsersController#new as HTML
  Rendering users/new.html.erb within layouts/application
  Rendered users/new.html.erb within layouts/application (0.4ms)
Completed 200 OK in 19ms (Views: 18.2ms | ActiveRecord: 0.0ms)


Started GET "/" for 127.0.0.1 at 2018-07-31 17:31:58 +0200
Processing by StaticPagesController#home as HTML
  Rendering static_pages/home.html.erb within layouts/application
  [1m[36mUser Load (0.2ms)[0m  [1m[34mSELECT "users".* FROM "users"[0m
  ↳ app/views/static_pages/home.html.erb:7
  Rendered static_pages/home.html.erb within layouts/application (1.3ms)
Completed 200 OK in 18ms (Views: 16.4ms | ActiveRecord: 0.2ms)


  [1m[35m (0.1ms)[0m  [1m[34mSELECT "schema_migrations"."version" FROM "schema_migrations" ORDER BY "schema_migrations"."version" ASC[0m
  ↳ bin/rails:9
Migrating to Ajoutcolonneemail (20180731153704)
  [1m[35m (0.0ms)[0m  [1m[36mbegin transaction[0m
  ↳ bin/rails:9
  [1m[35m (0.3ms)[0m  [1m[35mALTER TABLE "users" ADD "email" varchar[0m
  ↳ db/migrate/20180731153704_ajoutcolonneemail.rb:3
  [1m[36mActiveRecord::SchemaMigration Create (0.2ms)[0m  [1m[32mINSERT INTO "schema_migrations" ("version") VALUES (?)[0m  [["version", "20180731153704"]]
  ↳ bin/rails:9
  [1m[35m (74.0ms)[0m  [1m[36mcommit transaction[0m
  ↳ bin/rails:9
  [1m[36mActiveRecord::InternalMetadata Load (0.2ms)[0m  [1m[34mSELECT  "ar_internal_metadata".* FROM "ar_internal_metadata" WHERE "ar_internal_metadata"."key" = ? LIMIT ?[0m  [["key", "environment"], ["LIMIT", 1]]
  ↳ bin/rails:9
  [1m[35m (0.1ms)[0m  [1m[36mbegin transaction[0m
  ↳ bin/rails:9
  [1m[35m (0.0ms)[0m  [1m[36mcommit transaction[0m
  ↳ bin/rails:9
  [1m[35m (0.1ms)[0m  [1m[34mSELECT "schema_migrations"."version" FROM "schema_migrations" ORDER BY "schema_migrations"."version" ASC[0m
  ↳ bin/rails:9
  [1m[35m (0.1ms)[0m  [1m[34mSELECT "schema_migrations"."version" FROM "schema_migrations" ORDER BY "schema_migrations"."version" ASC[0m
  ↳ bin/rails:9
  [1m[35m (0.1ms)[0m  [1m[34mSELECT "schema_migrations"."version" FROM "schema_migrations" ORDER BY "schema_migrations"."version" ASC[0m
  ↳ bin/rails:9
  [1m[35m (0.0ms)[0m  [1m[34mSELECT "schema_migrations"."version" FROM "schema_migrations" ORDER BY "schema_migrations"."version" ASC[0m
  ↳ bin/rails:9
  [1m[35m (0.0ms)[0m  [1m[34mSELECT "schema_migrations"."version" FROM "schema_migrations" ORDER BY "schema_migrations"."version" ASC[0m
  ↳ bin/rails:9
Migrating to Ajoutcolonneemail (20180731153704)
  [1m[35m (0.0ms)[0m  [1m[36mbegin transaction[0m
  ↳ bin/rails:9
  [1m[35m (0.1ms)[0m  [1m[34mSELECT sqlite_version(*)[0m
  ↳ bin/rails:9
  [1m[35m (0.2ms)[0m  [1m[35mCREATE TEMPORARY TABLE "ausers" ("id" integer NOT NULL PRIMARY KEY, "username" varchar DEFAULT NULL, "bio" text DEFAULT NULL, "created_at" datetime NOT NULL, "updated_at" datetime NOT NULL, "email" varchar DEFAULT NULL)[0m
  ↳ bin/rails:9
  [1m[35m (0.1ms)[0m  [1m[32mINSERT INTO "ausers" ("id","username","bio","created_at","updated_at","email")
                     SELECT "id","username","bio","created_at","updated_at","email" FROM "users"[0m
  ↳ bin/rails:9
  [1m[35m (0.2ms)[0m  [1m[35mDROP TABLE "users"[0m
  ↳ bin/rails:9
  [1m[35m (0.1ms)[0m  [1m[35mCREATE TABLE "users" ("id" integer NOT NULL PRIMARY KEY, "username" varchar DEFAULT NULL, "bio" text DEFAULT NULL, "created_at" datetime NOT NULL, "updated_at" datetime NOT NULL)[0m
  ↳ bin/rails:9
  [1m[35m (0.1ms)[0m  [1m[32mINSERT INTO "users" ("id","username","bio","created_at","updated_at")
                     SELECT "id","username","bio","created_at","updated_at" FROM "ausers"[0m
  ↳ bin/rails:9
  [1m[35m (0.1ms)[0m  [1m[35mDROP TABLE "ausers"[0m
  ↳ bin/rails:9
  [1m[36mActiveRecord::SchemaMigration Destroy (0.2ms)[0m  [1m[31mDELETE FROM "schema_migrations" WHERE "schema_migrations"."version" = ?[0m  [["version", "20180731153704"]]
  ↳ bin/rails:9
  [1m[35m (82.4ms)[0m  [1m[36mcommit transaction[0m
  ↳ bin/rails:9
  [1m[35m (0.1ms)[0m  [1m[34mSELECT "schema_migrations"."version" FROM "schema_migrations" ORDER BY "schema_migrations"."version" ASC[0m
  ↳ bin/rails:9
  [1m[35m (0.1ms)[0m  [1m[34mSELECT "schema_migrations"."version" FROM "schema_migrations" ORDER BY "schema_migrations"."version" ASC[0m
  ↳ bin/rails:9
  [1m[35m (0.1ms)[0m  [1m[34mSELECT "schema_migrations"."version" FROM "schema_migrations" ORDER BY "schema_migrations"."version" ASC[0m
  ↳ bin/rails:9
  [1m[35m (0.0ms)[0m  [1m[34mSELECT "schema_migrations"."version" FROM "schema_migrations" ORDER BY "schema_migrations"."version" ASC[0m
  ↳ bin/rails:9
  [1m[35m (0.0ms)[0m  [1m[34mSELECT "schema_migrations"."version" FROM "schema_migrations" ORDER BY "schema_migrations"."version" ASC[0m
  ↳ bin/rails:9
Migrating to CreateUsers (20180731132739)
  [1m[35m (0.0ms)[0m  [1m[36mbegin transaction[0m
  ↳ bin/rails:9
  [1m[35m (0.2ms)[0m  [1m[35mDROP TABLE "users"[0m
  ↳ bin/rails:9
  [1m[36mActiveRecord::SchemaMigration Destroy (0.2ms)[0m  [1m[31mDELETE FROM "schema_migrations" WHERE "schema_migrations"."version" = ?[0m  [["version", "20180731132739"]]
  ↳ bin/rails:9
  [1m[35m (81.2ms)[0m  [1m[36mcommit transaction[0m
  ↳ bin/rails:9
  [1m[35m (0.1ms)[0m  [1m[34mSELECT "schema_migrations"."version" FROM "schema_migrations" ORDER BY "schema_migrations"."version" ASC[0m
  ↳ bin/rails:9
  [1m[35m (0.1ms)[0m  [1m[34mSELECT "schema_migrations"."version" FROM "schema_migrations" ORDER BY "schema_migrations"."version" ASC[0m
  ↳ bin/rails:9
Migrating to CreateUsers (20180731132739)
  [1m[35m (0.0ms)[0m  [1m[36mbegin transaction[0m
  ↳ bin/rails:9
  [1m[35m (0.1ms)[0m  [1m[34mSELECT sqlite_version(*)[0m
  ↳ db/migrate/20180731132739_create_users.rb:3
  [1m[35m (0.4ms)[0m  [1m[35mCREATE TABLE "users" ("id" integer PRIMARY KEY AUTOINCREMENT NOT NULL, "username" varchar, "bio" text, "created_at" datetime NOT NULL, "updated_at" datetime NOT NULL)[0m
  ↳ db/migrate/20180731132739_create_users.rb:3
  [1m[36mActiveRecord::SchemaMigration Create (0.2ms)[0m  [1m[32mINSERT INTO "schema_migrations" ("version") VALUES (?)[0m  [["version", "20180731132739"]]
  ↳ bin/rails:9
  [1m[35m (98.0ms)[0m  [1m[36mcommit transaction[0m
  ↳ bin/rails:9
Migrating to Ajoutcolonneemail (20180731153704)
  [1m[35m (0.1ms)[0m  [1m[36mbegin transaction[0m
  ↳ bin/rails:9
  [1m[35m (0.3ms)[0m  [1m[35mALTER TABLE "users" ADD "email" varchar[0m
  ↳ db/migrate/20180731153704_ajoutcolonneemail.rb:3
  [1m[36mActiveRecord::SchemaMigration Create (0.1ms)[0m  [1m[32mINSERT INTO "schema_migrations" ("version") VALUES (?)[0m  [["version", "20180731153704"]]
  ↳ bin/rails:9
  [1m[35m (95.2ms)[0m  [1m[36mcommit transaction[0m
  ↳ bin/rails:9
  [1m[36mActiveRecord::InternalMetadata Load (0.2ms)[0m  [1m[34mSELECT  "ar_internal_metadata".* FROM "ar_internal_metadata" WHERE "ar_internal_metadata"."key" = ? LIMIT ?[0m  [["key", "environment"], ["LIMIT", 1]]
  ↳ bin/rails:9
  [1m[35m (0.1ms)[0m  [1m[36mbegin transaction[0m
  ↳ bin/rails:9
  [1m[35m (0.1ms)[0m  [1m[36mcommit transaction[0m
  ↳ bin/rails:9
  [1m[35m (0.1ms)[0m  [1m[34mSELECT "schema_migrations"."version" FROM "schema_migrations" ORDER BY "schema_migrations"."version" ASC[0m
  ↳ bin/rails:9
Started GET "/" for 127.0.0.1 at 2018-07-31 17:52:31 +0200
  [1m[35m (0.1ms)[0m  [1m[34mSELECT "schema_migrations"."version" FROM "schema_migrations" ORDER BY "schema_migrations"."version" ASC[0m
  ↳ /home/florian/.rvm/gems/ruby-2.5.1/gems/activerecord-5.2.0/lib/active_record/log_subscriber.rb:98
Processing by StaticPagesController#home as HTML
  Rendering static_pages/home.html.erb within layouts/application
  [1m[36mUser Load (0.2ms)[0m  [1m[34mSELECT "users".* FROM "users"[0m
  ↳ app/views/static_pages/home.html.erb:7
  Rendered static_pages/home.html.erb within layouts/application (3.7ms)
Completed 200 OK in 138ms (Views: 131.2ms | ActiveRecord: 0.4ms)


Started GET "/new_user" for 127.0.0.1 at 2018-07-31 17:52:33 +0200
Processing by UsersController#new as HTML
  Rendering users/new.html.erb within layouts/application
  Rendered users/new.html.erb within layouts/application (0.7ms)
Completed 200 OK in 27ms (Views: 24.9ms | ActiveRecord: 0.0ms)


  [1m[35m (0.1ms)[0m  [1m[34mSELECT "schema_migrations"."version" FROM "schema_migrations" ORDER BY "schema_migrations"."version" ASC[0m
  ↳ bin/rails:9
  [1m[35m (0.1ms)[0m  [1m[34mSELECT "schema_migrations"."version" FROM "schema_migrations" ORDER BY "schema_migrations"."version" ASC[0m
  ↳ bin/rails:9
  [1m[35m (0.0ms)[0m  [1m[34mSELECT "schema_migrations"."version" FROM "schema_migrations" ORDER BY "schema_migrations"."version" ASC[0m
  ↳ bin/rails:9
  [1m[35m (0.0ms)[0m  [1m[34mSELECT "schema_migrations"."version" FROM "schema_migrations" ORDER BY "schema_migrations"."version" ASC[0m
  ↳ bin/rails:9
Migrating to Ajoutcolonneemail (20180731153704)
  [1m[35m (0.0ms)[0m  [1m[36mbegin transaction[0m
  ↳ bin/rails:9
  [1m[35m (0.1ms)[0m  [1m[34mSELECT sqlite_version(*)[0m
  ↳ bin/rails:9
  [1m[35m (0.2ms)[0m  [1m[35mCREATE TEMPORARY TABLE "ausers" ("id" integer NOT NULL PRIMARY KEY, "username" varchar DEFAULT NULL, "bio" text DEFAULT NULL, "created_at" datetime NOT NULL, "updated_at" datetime NOT NULL, "email" varchar DEFAULT NULL)[0m
  ↳ bin/rails:9
  [1m[35m (0.1ms)[0m  [1m[32mINSERT INTO "ausers" ("id","username","bio","created_at","updated_at","email")
                     SELECT "id","username","bio","created_at","updated_at","email" FROM "users"[0m
  ↳ bin/rails:9
  [1m[35m (0.3ms)[0m  [1m[35mDROP TABLE "users"[0m
  ↳ bin/rails:9
  [1m[35m (0.1ms)[0m  [1m[35mCREATE TABLE "users" ("id" integer NOT NULL PRIMARY KEY, "username" varchar DEFAULT NULL, "bio" text DEFAULT NULL, "created_at" datetime NOT NULL, "updated_at" datetime NOT NULL)[0m
  ↳ bin/rails:9
  [1m[35m (0.1ms)[0m  [1m[32mINSERT INTO "users" ("id","username","bio","created_at","updated_at")
                     SELECT "id","username","bio","created_at","updated_at" FROM "ausers"[0m
  ↳ bin/rails:9
  [1m[35m (0.1ms)[0m  [1m[35mDROP TABLE "ausers"[0m
  ↳ bin/rails:9
  [1m[36mActiveRecord::SchemaMigration Destroy (0.1ms)[0m  [1m[31mDELETE FROM "schema_migrations" WHERE "schema_migrations"."version" = ?[0m  [["version", "20180731153704"]]
  ↳ bin/rails:9
  [1m[35m (75.4ms)[0m  [1m[36mcommit transaction[0m
  ↳ bin/rails:9
  [1m[35m (0.2ms)[0m  [1m[34mSELECT "schema_migrations"."version" FROM "schema_migrations" ORDER BY "schema_migrations"."version" ASC[0m
  ↳ bin/rails:9
Started GET "/" for 127.0.0.1 at 2018-07-31 17:58:50 +0200
  [1m[35m (0.1ms)[0m  [1m[34mSELECT "schema_migrations"."version" FROM "schema_migrations" ORDER BY "schema_migrations"."version" ASC[0m
  ↳ /home/florian/.rvm/gems/ruby-2.5.1/gems/activerecord-5.2.0/lib/active_record/log_subscriber.rb:98
Processing by StaticPagesController#home as HTML
  Rendering static_pages/home.html.erb within layouts/application
  [1m[36mUser Load (0.2ms)[0m  [1m[34mSELECT "users".* FROM "users"[0m
  ↳ app/views/static_pages/home.html.erb:7
  Rendered static_pages/home.html.erb within layouts/application (3.4ms)
Completed 200 OK in 136ms (Views: 128.9ms | ActiveRecord: 0.4ms)


Started GET "/new_user" for 127.0.0.1 at 2018-07-31 17:58:52 +0200
Processing by UsersController#new as HTML
  Rendering users/new.html.erb within layouts/application
  Rendered users/new.html.erb within layouts/application (0.5ms)
Completed 200 OK in 16ms (Views: 15.2ms | ActiveRecord: 0.0ms)


Started POST "/new_user" for 127.0.0.1 at 2018-07-31 17:59:06 +0200
Processing by UsersController#create as HTML
  Parameters: {"username"=>"Lionel", "bio"=>"Le boss", "Envoyer"=>"Valider", "authenticity_token"=>"SRqV4vgwXemC1pamenzm22O3f7N6GMCEtKZTEWor+T1PRt46GzBUfDjyqIAENeBMIW5QKVCkeEGonht/fjBB4A=="}
  [1m[35m (0.1ms)[0m  [1m[36mbegin transaction[0m
  ↳ app/controllers/users_controller.rb:6
  [1m[36mUser Exists (0.3ms)[0m  [1m[34mSELECT  1 AS one FROM "users" WHERE "users"."username" = ? LIMIT ?[0m  [["username", "Lionel"], ["LIMIT", 1]]
  ↳ app/controllers/users_controller.rb:6
  [1m[36mUser Create (0.4ms)[0m  [1m[32mINSERT INTO "users" ("username", "bio", "created_at", "updated_at") VALUES (?, ?, ?, ?)[0m  [["username", "Lionel"], ["bio", "Le boss"], ["created_at", "2018-07-31 15:59:06.566619"], ["updated_at", "2018-07-31 15:59:06.566619"]]
  ↳ app/controllers/users_controller.rb:6
  [1m[35m (97.4ms)[0m  [1m[36mcommit transaction[0m
  ↳ app/controllers/users_controller.rb:6
  [1m[36mUser Exists (0.2ms)[0m  [1m[34mSELECT  1 AS one FROM "users" WHERE "users"."username" = ? AND "users"."id" != ? LIMIT ?[0m  [["username", "Lionel"], ["id", 1], ["LIMIT", 1]]
  ↳ app/controllers/users_controller.rb:7
Redirected to http://localhost:3000/users/Lionel
Completed 302 Found in 115ms (ActiveRecord: 99.2ms)


Started GET "/users/Lionel" for 127.0.0.1 at 2018-07-31 17:59:06 +0200
Processing by UsersController#show as HTML
  Parameters: {"name"=>"Lionel"}
  Rendering users/show.html.erb within layouts/application
  [1m[36mUser Load (0.2ms)[0m  [1m[34mSELECT  "users".* FROM "users" WHERE "users"."username" = ? LIMIT ?[0m  [["username", "Lionel"], ["LIMIT", 1]]
  ↳ app/views/users/show.html.erb:1
  [1m[36mCACHE User Load (0.0ms)[0m  [1m[34mSELECT  "users".* FROM "users" WHERE "users"."username" = ? LIMIT ?[0m  [["username", "Lionel"], ["LIMIT", 1]]
  ↳ app/views/users/show.html.erb:4
  Rendered users/show.html.erb within layouts/application (2.1ms)
Completed 200 OK in 16ms (Views: 14.4ms | ActiveRecord: 0.2ms)


Started GET "/" for 127.0.0.1 at 2018-07-31 17:59:09 +0200
Processing by StaticPagesController#home as HTML
  Rendering static_pages/home.html.erb within layouts/application
  [1m[36mUser Load (0.2ms)[0m  [1m[34mSELECT "users".* FROM "users"[0m
  ↳ app/views/static_pages/home.html.erb:7
  Rendered static_pages/home.html.erb within layouts/application (1.2ms)
Completed 200 OK in 16ms (Views: 14.6ms | ActiveRecord: 0.2ms)


Started GET "/users/Lionel" for 127.0.0.1 at 2018-07-31 17:59:11 +0200
Processing by UsersController#show as HTML
  Parameters: {"name"=>"Lionel"}
  Rendering users/show.html.erb within layouts/application
  [1m[36mUser Load (0.2ms)[0m  [1m[34mSELECT  "users".* FROM "users" WHERE "users"."username" = ? LIMIT ?[0m  [["username", "Lionel"], ["LIMIT", 1]]
  ↳ app/views/users/show.html.erb:1
  [1m[36mCACHE User Load (0.0ms)[0m  [1m[34mSELECT  "users".* FROM "users" WHERE "users"."username" = ? LIMIT ?[0m  [["username", "Lionel"], ["LIMIT", 1]]
  ↳ app/views/users/show.html.erb:4
  Rendered users/show.html.erb within layouts/application (1.5ms)
Completed 200 OK in 17ms (Views: 15.4ms | ActiveRecord: 0.2ms)


Started GET "/" for 127.0.0.1 at 2018-07-31 17:59:13 +0200
Processing by StaticPagesController#home as HTML
  Rendering static_pages/home.html.erb within layouts/application
  [1m[36mUser Load (0.3ms)[0m  [1m[34mSELECT "users".* FROM "users"[0m
  ↳ app/views/static_pages/home.html.erb:7
  Rendered static_pages/home.html.erb within layouts/application (2.6ms)
Completed 200 OK in 30ms (Views: 28.1ms | ActiveRecord: 0.3ms)


Started GET "/new_user" for 127.0.0.1 at 2018-07-31 17:59:13 +0200
Processing by UsersController#new as HTML
  Rendering users/new.html.erb within layouts/application
  Rendered users/new.html.erb within layouts/application (0.3ms)
Completed 200 OK in 15ms (Views: 14.1ms | ActiveRecord: 0.0ms)


Started POST "/new_user" for 127.0.0.1 at 2018-07-31 17:59:22 +0200
Processing by UsersController#create as HTML
  Parameters: {"username"=>"Lionel", "bio"=>"le pas boss", "Envoyer"=>"Valider", "authenticity_token"=>"E5ges/Ovts2tWac6puFEXPiUGQbBQKU3VgEi4zJ2wu4VxFVrEK+/WBd9mRzYqELLuk02nOv8HfJKOWqNJm16Mw=="}
  [1m[35m (0.1ms)[0m  [1m[36mbegin transaction[0m
  ↳ app/controllers/users_controller.rb:6
  [1m[36mUser Exists (0.3ms)[0m  [1m[34mSELECT  1 AS one FROM "users" WHERE "users"."username" = ? LIMIT ?[0m  [["username", "Lionel"], ["LIMIT", 1]]
  ↳ app/controllers/users_controller.rb:6
  [1m[35m (0.1ms)[0m  [1m[31mrollback transaction[0m
  ↳ app/controllers/users_controller.rb:6
  [1m[36mUser Exists (0.2ms)[0m  [1m[34mSELECT  1 AS one FROM "users" WHERE "users"."username" = ? LIMIT ?[0m  [["username", "Lionel"], ["LIMIT", 1]]
  ↳ app/controllers/users_controller.rb:7
Redirected to http://localhost:3000/error
Completed 302 Found in 9ms (ActiveRecord: 0.7ms)


Started GET "/error" for 127.0.0.1 at 2018-07-31 17:59:23 +0200
Processing by StaticPagesController#error as HTML
  Rendering static_pages/error.html.erb within layouts/application
  Rendered static_pages/error.html.erb within layouts/application (0.5ms)
Completed 200 OK in 20ms (Views: 18.9ms | ActiveRecord: 0.0ms)


Started GET "/new_user" for 127.0.0.1 at 2018-07-31 17:59:24 +0200
Processing by UsersController#new as HTML
  Rendering users/new.html.erb within layouts/application
  Rendered users/new.html.erb within layouts/application (0.7ms)
Completed 200 OK in 28ms (Views: 26.6ms | ActiveRecord: 0.0ms)


Started GET "/" for 127.0.0.1 at 2018-07-31 18:20:09 +0200
Processing by StaticPagesController#home as HTML
  Rendering static_pages/home.html.erb within layouts/application
  [1m[36mUser Load (0.2ms)[0m  [1m[34mSELECT "users".* FROM "users"[0m
  ↳ app/views/static_pages/home.html.erb:7
  Rendered static_pages/home.html.erb within layouts/application (1.4ms)
Completed 200 OK in 18ms (Views: 16.6ms | ActiveRecord: 0.2ms)


Started GET "/new_user" for 127.0.0.1 at 2018-07-31 18:20:13 +0200
Processing by UsersController#new as HTML
  Rendering users/new.html.erb within layouts/application
  Rendered users/new.html.erb within layouts/application (0.7ms)
Completed 200 OK in 40ms (Views: 37.7ms | ActiveRecord: 0.0ms)


Started GET "/new_user" for 127.0.0.1 at 2018-07-31 18:21:40 +0200
Processing by UsersController#new as HTML
  Rendering users/new.html.erb within layouts/application
  Rendered users/new.html.erb within layouts/application (0.7ms)
Completed 200 OK in 34ms (Views: 32.0ms | ActiveRecord: 0.0ms)


Started GET "/" for 127.0.0.1 at 2018-07-31 18:21:44 +0200
Processing by StaticPagesController#home as HTML
  Rendering static_pages/home.html.erb within layouts/application
  [1m[36mUser Load (0.2ms)[0m  [1m[34mSELECT "users".* FROM "users"[0m
  ↳ app/views/static_pages/home.html.erb:7
  Rendered static_pages/home.html.erb within layouts/application (1.9ms)
Completed 200 OK in 23ms (Views: 21.4ms | ActiveRecord: 0.2ms)


